<?xml version="1.0" encoding="UTF-8"?>
<!-- Generated by org.testng.reporters.JUnitXMLReporter -->
<testsuite ignored="0" hostname="VSP-CSP8VQ3" failures="0" tests="1" name="Testonfirefox" time="0.099" errors="0" timestamp="2023-02-12T11:52:10 IST">
  <testcase classname="TestNGPriority.TestInMutipleBrowser" name="@BeforeTest setup" time="0.084">
    <failure type="java.lang.IllegalStateException" message="The driver executable is a directory: C:\Users\AnandRawat\eclipse-workspace\SeleniumJavaFramework\Drivers\edge\edgedriver_win64">
      <![CDATA[java.lang.IllegalStateException: The driver executable is a directory: C:\Users\AnandRawat\eclipse-workspace\SeleniumJavaFramework\Drivers\edge\edgedriver_win64
at com.google.common.base.Preconditions.checkState(Preconditions.java:585)
at org.openqa.selenium.remote.service.DriverService.checkExecutable(DriverService.java:148)
at org.openqa.selenium.remote.service.DriverService.findExecutable(DriverService.java:141)
at org.openqa.selenium.edge.EdgeDriverService.access$000(EdgeDriverService.java:37)
at org.openqa.selenium.edge.EdgeDriverService$Builder.findDefaultExecutable(EdgeDriverService.java:90)
at org.openqa.selenium.remote.service.DriverService$Builder.build(DriverService.java:355)
at org.openqa.selenium.edge.EdgeDriverService.createDefaultService(EdgeDriverService.java:70)
at org.openqa.selenium.edge.EdgeDriver.<init>(EdgeDriver.java:96)
at TestNGPriority.TestInMutipleBrowser.setup(TestInMutipleBrowser.java:30)
at java.base/java.util.concurrent.FutureTask.run(FutureTask.java:264)
at java.base/java.util.concurrent.ThreadPoolExecutor.runWorker(ThreadPoolExecutor.java:1128)
at java.base/java.util.concurrent.ThreadPoolExecutor$Worker.run(ThreadPoolExecutor.java:628)
at java.base/java.lang.Thread.run(Thread.java:834)
... Removed 15 stack frames]]>
    </failure>
  </testcase> <!-- @BeforeTest setup -->
  <testcase classname="TestNGPriority.TestInMutipleBrowser" name="@AfterTest teardown" time="-1.676182930453E9">
    <skipped/>
  </testcase> <!-- @AfterTest teardown -->
  <testcase classname="TestNGPriority.TestInMutipleBrowser" name="test" time="0.0">
    <skipped/>
  </testcase> <!-- test -->
</testsuite> <!-- Testonfirefox -->
